2019-12-06 14:59:12,446 INFO [root] [__init__.py(<module>:4)] - test
2019-12-06 14:59:13,852 INFO [root] [test_ihrm_login_params.py(test01_login_success:20)] - 登陆接口返回数据：{'success': True, 'code': 10000, 'message': '操作成功！', 'data': '7a52c52a-f84d-4651-8ac6-434b4c0f3899'}
2019-12-06 14:59:13,962 INFO [root] [test_ihrm_login_params.py(test01_login_success:20)] - 登陆接口返回数据：{'success': False, 'code': 20001, 'message': '用户名或密码错误', 'data': None}
2019-12-06 14:59:14,087 INFO [root] [test_ihrm_login_params.py(test01_login_success:20)] - 登陆接口返回数据：{'success': False, 'code': 20001, 'message': '用户名或密码错误', 'data': None}
2019-12-06 14:59:14,196 INFO [root] [test_ihrm_login_params.py(test01_login_success:20)] - 登陆接口返回数据：{'success': False, 'code': 20001, 'message': '用户名或密码错误', 'data': None}
2019-12-06 14:59:14,352 INFO [root] [test_ihrm_login_params.py(test01_login_success:20)] - 登陆接口返回数据：{'success': False, 'code': 20001, 'message': '用户名或密码错误', 'data': None}
2019-12-06 15:02:50,097 INFO [root] [__init__.py(<module>:4)] - test
2019-12-06 15:02:50,660 INFO [root] [test_ihrm_login_params.py(test01_login_success:20)] - 登陆接口返回数据：{'success': True, 'code': 10000, 'message': '操作成功！', 'data': '63e31c15-8e61-456a-8cd5-f3f1443b6504'}
2019-12-06 15:02:50,753 INFO [root] [test_ihrm_login_params.py(test01_login_success:20)] - 登陆接口返回数据：{'success': False, 'code': 20001, 'message': '用户名或密码错误', 'data': None}
2019-12-06 15:02:50,847 INFO [root] [test_ihrm_login_params.py(test01_login_success:20)] - 登陆接口返回数据：{'success': False, 'code': 20001, 'message': '用户名或密码错误', 'data': None}
2019-12-06 15:02:50,941 INFO [root] [test_ihrm_login_params.py(test01_login_success:20)] - 登陆接口返回数据：{'success': False, 'code': 20001, 'message': '用户名或密码错误', 'data': None}
2019-12-06 15:02:51,019 INFO [root] [test_ihrm_login_params.py(test01_login_success:20)] - 登陆接口返回数据：{'success': False, 'code': 20001, 'message': '用户名或密码错误', 'data': None}
2019-12-06 15:08:08,852 INFO [root] [__init__.py(<module>:4)] - test
2019-12-06 15:08:09,493 INFO [root] [test_ihrm_login_params.py(test01_login_success:22)] - 登陆接口返回数据：{'success': True, 'code': 10000, 'message': '操作成功！', 'data': '4925b3a4-f9e6-45f8-9a5d-56fd3012de81'}
2019-12-06 15:08:09,493 INFO [root] [test_ihrm_login_params.py(test01_login_success:28)] - 保存的请求头信息：{'Content-Type': 'application/json', 'Authorization': 'Bearer 4925b3a4-f9e6-45f8-9a5d-56fd3012de81'}
2019-12-06 15:08:09,586 INFO [root] [test_ihrm_login_params.py(test01_login_success:22)] - 登陆接口返回数据：{'success': False, 'code': 20001, 'message': '用户名或密码错误', 'data': None}
2019-12-06 15:08:09,680 INFO [root] [test_ihrm_login_params.py(test01_login_success:22)] - 登陆接口返回数据：{'success': False, 'code': 20001, 'message': '用户名或密码错误', 'data': None}
2019-12-06 15:08:09,774 INFO [root] [test_ihrm_login_params.py(test01_login_success:22)] - 登陆接口返回数据：{'success': False, 'code': 20001, 'message': '用户名或密码错误', 'data': None}
2019-12-06 15:08:09,868 INFO [root] [test_ihrm_login_params.py(test01_login_success:22)] - 登陆接口返回数据：{'success': False, 'code': 20001, 'message': '用户名或密码错误', 'data': None}
2019-12-06 15:08:30,612 INFO [root] [__init__.py(<module>:4)] - test
2019-12-06 15:08:31,315 INFO [root] [test_ihrm_login_params.py(test01_login_success:22)] - 登陆接口返回数据：{'success': True, 'code': 10000, 'message': '操作成功！', 'data': '1c7504e2-4d3e-4b9a-93fb-41f6f6a71d18'}
2019-12-06 15:08:31,409 INFO [root] [test_ihrm_login_params.py(test01_login_success:22)] - 登陆接口返回数据：{'success': False, 'code': 20001, 'message': '用户名或密码错误', 'data': None}
2019-12-06 15:08:31,487 INFO [root] [test_ihrm_login_params.py(test01_login_success:22)] - 登陆接口返回数据：{'success': False, 'code': 20001, 'message': '用户名或密码错误', 'data': None}
2019-12-06 15:08:31,581 INFO [root] [test_ihrm_login_params.py(test01_login_success:22)] - 登陆接口返回数据：{'success': False, 'code': 20001, 'message': '用户名或密码错误', 'data': None}
2019-12-06 15:08:31,675 INFO [root] [test_ihrm_login_params.py(test01_login_success:22)] - 登陆接口返回数据：{'success': False, 'code': 20001, 'message': '用户名或密码错误', 'data': None}
2019-12-06 15:13:08,275 INFO [root] [__init__.py(<module>:4)] - test
2019-12-06 15:13:08,822 INFO [root] [test_ihrm_login_params.py(test01_login_success:22)] - 登陆接口返回数据：{'success': True, 'code': 10000, 'message': '操作成功！', 'data': 'f284f02a-20df-4d20-a710-bb18642387c1'}
2019-12-06 15:13:08,822 INFO [root] [test_ihrm_login_params.py(test01_login_success:28)] - 保存的请求头信息：{'Content-Type': 'application/json', 'Authorization': 'Bearer f284f02a-20df-4d20-a710-bb18642387c1'}
2019-12-06 15:13:08,916 INFO [root] [test_ihrm_login_params.py(test01_login_success:22)] - 登陆接口返回数据：{'success': False, 'code': 20001, 'message': '用户名或密码错误', 'data': None}
2019-12-06 15:13:09,010 INFO [root] [test_ihrm_login_params.py(test01_login_success:22)] - 登陆接口返回数据：{'success': False, 'code': 20001, 'message': '用户名或密码错误', 'data': None}
2019-12-06 15:13:09,103 INFO [root] [test_ihrm_login_params.py(test01_login_success:22)] - 登陆接口返回数据：{'success': False, 'code': 20001, 'message': '用户名或密码错误', 'data': None}
2019-12-06 15:13:09,181 INFO [root] [test_ihrm_login_params.py(test01_login_success:22)] - 登陆接口返回数据：{'success': False, 'code': 20001, 'message': '用户名或密码错误', 'data': None}
2019-12-06 15:48:19,083 INFO [root] [__init__.py(<module>:4)] - test
2019-12-06 15:50:50,664 INFO [root] [__init__.py(<module>:4)] - test
2019-12-06 15:52:45,053 INFO [root] [__init__.py(<module>:4)] - test
2019-12-06 16:03:50,213 INFO [root] [__init__.py(<module>:4)] - test
2019-12-06 16:31:31,973 INFO [root] [__init__.py(<module>:4)] - test
2019-12-06 16:33:04,302 INFO [root] [__init__.py(<module>:4)] - test
2019-12-06 16:33:04,813 INFO [root] [test_ihrm_login.py(test01_login_success:21)] - 登陆接口返回数据：{'success': True, 'code': 10000, 'message': '操作成功！', 'data': '41020f8e-81d9-4cef-8820-0744d657f2ae'}
2019-12-06 16:33:04,814 INFO [root] [test_ihrm_login.py(test01_login_success:26)] - 保存的请求头信息：{'Content-Type': 'application/json', 'Authorization': 'Bearer 41020f8e-81d9-4cef-8820-0744d657f2ae'}
2019-12-06 16:33:04,896 INFO [root] [test_ihrm_login.py(test02_mobile_error:31)] - 登陆接口返回数据：{'success': False, 'code': 20001, 'message': '用户名或密码错误', 'data': None}
2019-12-06 16:33:04,983 INFO [root] [test_ihrm_login.py(test03_password_error:36)] - 登陆接口返回数据：{'success': False, 'code': 20001, 'message': '用户名或密码错误', 'data': None}
2019-12-06 16:33:05,070 INFO [root] [test_ihrm_login.py(test04_none_params:41)] - 登陆接口返回数据：{'success': False, 'code': 99999, 'message': '抱歉，系统繁忙，请稍后重试！', 'data': None}
2019-12-06 16:33:05,157 INFO [root] [test_ihrm_login.py(test05_mobile_empty:46)] - 登陆接口返回数据：{'success': False, 'code': 20001, 'message': '用户名或密码错误', 'data': None}
2019-12-06 16:33:05,246 INFO [root] [test_ihrm_login.py(test06_password_empty:51)] - 登陆接口返回数据：{'success': False, 'code': 20001, 'message': '用户名或密码错误', 'data': None}
2019-12-06 16:33:05,338 INFO [root] [test_ihrm_login.py(test07_extra_params:56)] - 登陆接口返回数据：{'success': True, 'code': 10000, 'message': '操作成功！', 'data': '61e9180d-5c67-48e1-a9e1-b8ee055aa5d7'}
2019-12-06 16:33:05,431 INFO [root] [test_ihrm_login.py(test08_less_params:61)] - 登陆接口返回数据：{'success': False, 'code': 20001, 'message': '用户名或密码错误', 'data': None}
2019-12-06 16:33:05,525 INFO [root] [test_ihrm_emp_params.py(test01_add_emp:22)] - 添加结果：{'success': True, 'code': 10000, 'message': '操作成功！', 'data': {'id': '1202868950178025472'}}
2019-12-06 16:33:05,525 INFO [root] [test_ihrm_emp_params.py(test01_add_emp:28)] - 保存的员工id：1202868950178025472
2019-12-06 16:33:05,626 INFO [root] [test_ihrm_emp_params.py(test03_modify_emp:39)] - 修改后数据为：{'success': True, 'code': 10000, 'message': '操作成功！', 'data': {'id': '1202868950178025472'}}
2019-12-06 16:33:05,833 INFO [root] [test_ihrm_emp_params.py(test03_modify_emp:46)] - ------查询数据库中员工id1202868950178025472的username是鸭嘴兽
